19:45:08 DEBUG : Logs will be stored at 'C:/Users/yunxuan5/KOF-94/lab6_1/workspace3/IDE.log'.
19:45:10 INFO  : Launching XSCT server: xsct.bat -n  -interactive C:\Users\yunxuan5\KOF-94\lab6_1\workspace3\temp_xsdb_launch_script.tcl
19:45:11 INFO  : Registering command handlers for Vitis TCF services
19:45:11 INFO  : Platform repository initialization has completed.
19:45:14 INFO  : XSCT server has started successfully.
19:45:14 INFO  : plnx-install-location is set to ''
19:45:14 INFO  : Successfully done setting XSCT server connection channel  
19:45:14 INFO  : Successfully done query RDI_DATADIR 
19:45:14 INFO  : Successfully done setting workspace for the tool. 
19:46:02 INFO  : Result from executing command 'getProjects': mb_usb_hdmi_top
19:46:02 INFO  : Result from executing command 'getPlatforms': xilinx_vck190_base_202220_1|C:/Xilinx/Vitis/2022.2/base_platforms/xilinx_vck190_base_202220_1/xilinx_vck190_base_202220_1.xpfm;xilinx_vck190_base_dfx_202220_1|C:/Xilinx/Vitis/2022.2/base_platforms/xilinx_vck190_base_dfx_202220_1/xilinx_vck190_base_dfx_202220_1.xpfm;xilinx_vmk180_base_202220_1|C:/Xilinx/Vitis/2022.2/base_platforms/xilinx_vmk180_base_202220_1/xilinx_vmk180_base_202220_1.xpfm;xilinx_zcu102_base_202220_1|C:/Xilinx/Vitis/2022.2/base_platforms/xilinx_zcu102_base_202220_1/xilinx_zcu102_base_202220_1.xpfm;xilinx_zcu102_base_dfx_202220_1|C:/Xilinx/Vitis/2022.2/base_platforms/xilinx_zcu102_base_dfx_202220_1/xilinx_zcu102_base_dfx_202220_1.xpfm;xilinx_zcu104_base_202220_1|C:/Xilinx/Vitis/2022.2/base_platforms/xilinx_zcu104_base_202220_1/xilinx_zcu104_base_202220_1.xpfm
19:46:03 WARN  : An unexpected exception occurred in the module 'platform project logging'
19:46:04 INFO  : Platform 'mb_usb_hdmi_top' is added to custom repositories.
19:46:07 INFO  : Platform 'mb_usb_hdmi_top' is added to custom repositories.
19:48:04 INFO  : Result from executing command 'getProjects': mb_usb_hdmi_top
19:48:04 INFO  : Result from executing command 'getPlatforms': mb_usb_hdmi_top|C:/Users/yunxuan5/KOF-94/lab6_1/workspace3/mb_usb_hdmi_top/export/mb_usb_hdmi_top/mb_usb_hdmi_top.xpfm;xilinx_vck190_base_202220_1|C:/Xilinx/Vitis/2022.2/base_platforms/xilinx_vck190_base_202220_1/xilinx_vck190_base_202220_1.xpfm;xilinx_vck190_base_dfx_202220_1|C:/Xilinx/Vitis/2022.2/base_platforms/xilinx_vck190_base_dfx_202220_1/xilinx_vck190_base_dfx_202220_1.xpfm;xilinx_vmk180_base_202220_1|C:/Xilinx/Vitis/2022.2/base_platforms/xilinx_vmk180_base_202220_1/xilinx_vmk180_base_202220_1.xpfm;xilinx_zcu102_base_202220_1|C:/Xilinx/Vitis/2022.2/base_platforms/xilinx_zcu102_base_202220_1/xilinx_zcu102_base_202220_1.xpfm;xilinx_zcu102_base_dfx_202220_1|C:/Xilinx/Vitis/2022.2/base_platforms/xilinx_zcu102_base_dfx_202220_1/xilinx_zcu102_base_dfx_202220_1.xpfm;xilinx_zcu104_base_202220_1|C:/Xilinx/Vitis/2022.2/base_platforms/xilinx_zcu104_base_202220_1/xilinx_zcu104_base_202220_1.xpfm
19:48:05 INFO  : Checking for BSP changes to sync application flags for project 'kof'...
19:50:31 INFO  : Checking for BSP changes to sync application flags for project 'kof'...
19:50:43 INFO  : Connected to target on host '127.0.0.1' and port '3121'.
19:50:43 INFO  : Jtag cable 'RealDigital Boo 8874292302C1A' is selected.
19:50:43 INFO  : 'jtag frequency' command is executed.
19:50:43 INFO  : 'targets -set -filter {jtag_cable_name =~ "RealDigital Boo 8874292302C1A" && level==0 && jtag_device_ctx=="jsn1-0362f093-0"}' command is executed.
19:50:45 INFO  : Device configured successfully with "C:/Users/yunxuan5/KOF-94/lab6_1/workspace3/kof/_ide/bitstream/mb_usb_hdmi_top.bit"
19:50:45 INFO  : Context for processor 'microblaze_0' is selected.
19:50:45 INFO  : Hardware design and registers information is loaded from 'C:/Users/yunxuan5/KOF-94/lab6_1/workspace3/mb_usb_hdmi_top/export/mb_usb_hdmi_top/hw/mb_usb_hdmi_top.xsa'.
19:50:45 INFO  : 'configparams mdm-detect-bscan-mask 2' command is executed.
19:50:45 INFO  : Context for processor 'microblaze_0' is selected.
19:50:45 INFO  : System reset is completed.
19:50:48 INFO  : 'after 3000' command is executed.
19:50:48 INFO  : Context for processor 'microblaze_0' is selected.
19:50:48 INFO  : The application 'C:/Users/yunxuan5/KOF-94/lab6_1/workspace3/kof/Debug/kof.elf' is downloaded to processor 'microblaze_0'.
19:50:48 INFO  : ----------------XSDB Script----------------
connect -url tcp:127.0.0.1:3121
targets -set -filter {jtag_cable_name =~ "RealDigital Boo 8874292302C1A" && level==0 && jtag_device_ctx=="jsn1-0362f093-0"}
fpga -file C:/Users/yunxuan5/KOF-94/lab6_1/workspace3/kof/_ide/bitstream/mb_usb_hdmi_top.bit
targets -set -nocase -filter {name =~ "*microblaze*#0" && bscan=="USER2" }
loadhw -hw C:/Users/yunxuan5/KOF-94/lab6_1/workspace3/mb_usb_hdmi_top/export/mb_usb_hdmi_top/hw/mb_usb_hdmi_top.xsa -regs
configparams mdm-detect-bscan-mask 2
targets -set -nocase -filter {name =~ "*microblaze*#0" && bscan=="USER2" }
rst -system
after 3000
targets -set -nocase -filter {name =~ "*microblaze*#0" && bscan=="USER2" }
dow C:/Users/yunxuan5/KOF-94/lab6_1/workspace3/kof/Debug/kof.elf
----------------End of Script----------------

19:50:48 INFO  : Context for processor 'microblaze_0' is selected.
19:50:48 INFO  : 'con' command is executed.
19:50:48 INFO  : ----------------XSDB Script (After Launch)----------------
targets -set -nocase -filter {name =~ "*microblaze*#0" && bscan=="USER2" }
con
----------------End of Script----------------

19:50:48 INFO  : Disconnected from the channel tcfchan#2.
19:55:57 INFO  : Checking for BSP changes to sync application flags for project 'kof'...
19:56:20 INFO  : Result from executing command 'removePlatformRepo': 
19:56:28 INFO  : Result from executing command 'getProjects': mb_usb_hdmi_top
19:56:28 INFO  : Result from executing command 'getPlatforms': xilinx_vck190_base_202220_1|C:/Xilinx/Vitis/2022.2/base_platforms/xilinx_vck190_base_202220_1/xilinx_vck190_base_202220_1.xpfm;xilinx_vck190_base_dfx_202220_1|C:/Xilinx/Vitis/2022.2/base_platforms/xilinx_vck190_base_dfx_202220_1/xilinx_vck190_base_dfx_202220_1.xpfm;xilinx_vmk180_base_202220_1|C:/Xilinx/Vitis/2022.2/base_platforms/xilinx_vmk180_base_202220_1/xilinx_vmk180_base_202220_1.xpfm;xilinx_zcu102_base_202220_1|C:/Xilinx/Vitis/2022.2/base_platforms/xilinx_zcu102_base_202220_1/xilinx_zcu102_base_202220_1.xpfm;xilinx_zcu102_base_dfx_202220_1|C:/Xilinx/Vitis/2022.2/base_platforms/xilinx_zcu102_base_dfx_202220_1/xilinx_zcu102_base_dfx_202220_1.xpfm;xilinx_zcu104_base_202220_1|C:/Xilinx/Vitis/2022.2/base_platforms/xilinx_zcu104_base_202220_1/xilinx_zcu104_base_202220_1.xpfm
19:56:29 INFO  : Checking for BSP changes to sync application flags for project 'kof'...
19:56:37 INFO  : Connected to target on host '127.0.0.1' and port '3121'.
19:56:37 INFO  : Jtag cable 'RealDigital Boo 8874292302C1A' is selected.
19:56:37 INFO  : 'jtag frequency' command is executed.
19:56:37 INFO  : 'targets -set -filter {jtag_cable_name =~ "RealDigital Boo 8874292302C1A" && level==0 && jtag_device_ctx=="jsn1-0362f093-0"}' command is executed.
19:56:38 INFO  : Device configured successfully with "C:/Users/yunxuan5/KOF-94/lab6_1/workspace3/kof/_ide/bitstream/mb_usb_hdmi_top.bit"
19:56:38 INFO  : Context for processor 'microblaze_0' is selected.
19:56:38 INFO  : Hardware design and registers information is loaded from 'C:/Users/yunxuan5/KOF-94/lab6_1/workspace3/mb_usb_hdmi_top/export/mb_usb_hdmi_top/hw/mb_usb_hdmi_top.xsa'.
19:56:38 INFO  : 'configparams mdm-detect-bscan-mask 2' command is executed.
19:56:38 INFO  : Context for processor 'microblaze_0' is selected.
19:56:38 INFO  : System reset is completed.
19:56:41 INFO  : 'after 3000' command is executed.
19:56:41 INFO  : Context for processor 'microblaze_0' is selected.
19:56:41 INFO  : The application 'C:/Users/yunxuan5/KOF-94/lab6_1/workspace3/kof/Debug/kof.elf' is downloaded to processor 'microblaze_0'.
19:56:41 INFO  : ----------------XSDB Script----------------
connect -url tcp:127.0.0.1:3121
targets -set -filter {jtag_cable_name =~ "RealDigital Boo 8874292302C1A" && level==0 && jtag_device_ctx=="jsn1-0362f093-0"}
fpga -file C:/Users/yunxuan5/KOF-94/lab6_1/workspace3/kof/_ide/bitstream/mb_usb_hdmi_top.bit
targets -set -nocase -filter {name =~ "*microblaze*#0" && bscan=="USER2" }
loadhw -hw C:/Users/yunxuan5/KOF-94/lab6_1/workspace3/mb_usb_hdmi_top/export/mb_usb_hdmi_top/hw/mb_usb_hdmi_top.xsa -regs
configparams mdm-detect-bscan-mask 2
targets -set -nocase -filter {name =~ "*microblaze*#0" && bscan=="USER2" }
rst -system
after 3000
targets -set -nocase -filter {name =~ "*microblaze*#0" && bscan=="USER2" }
dow C:/Users/yunxuan5/KOF-94/lab6_1/workspace3/kof/Debug/kof.elf
----------------End of Script----------------

19:56:41 INFO  : Context for processor 'microblaze_0' is selected.
19:56:41 INFO  : 'con' command is executed.
19:56:41 INFO  : ----------------XSDB Script (After Launch)----------------
targets -set -nocase -filter {name =~ "*microblaze*#0" && bscan=="USER2" }
con
----------------End of Script----------------

19:56:41 INFO  : Disconnected from the channel tcfchan#5.
20:03:27 INFO  : Hardware specification for platform project 'mb_usb_hdmi_top' is updated.
20:03:39 INFO  : Result from executing command 'getProjects': mb_usb_hdmi_top
20:03:39 INFO  : Result from executing command 'getPlatforms': mb_usb_hdmi_top|C:/Users/yunxuan5/KOF-94/lab6_1/workspace3/mb_usb_hdmi_top/export/mb_usb_hdmi_top/mb_usb_hdmi_top.xpfm;xilinx_vck190_base_202220_1|C:/Xilinx/Vitis/2022.2/base_platforms/xilinx_vck190_base_202220_1/xilinx_vck190_base_202220_1.xpfm;xilinx_vck190_base_dfx_202220_1|C:/Xilinx/Vitis/2022.2/base_platforms/xilinx_vck190_base_dfx_202220_1/xilinx_vck190_base_dfx_202220_1.xpfm;xilinx_vmk180_base_202220_1|C:/Xilinx/Vitis/2022.2/base_platforms/xilinx_vmk180_base_202220_1/xilinx_vmk180_base_202220_1.xpfm;xilinx_zcu102_base_202220_1|C:/Xilinx/Vitis/2022.2/base_platforms/xilinx_zcu102_base_202220_1/xilinx_zcu102_base_202220_1.xpfm;xilinx_zcu102_base_dfx_202220_1|C:/Xilinx/Vitis/2022.2/base_platforms/xilinx_zcu102_base_dfx_202220_1/xilinx_zcu102_base_dfx_202220_1.xpfm;xilinx_zcu104_base_202220_1|C:/Xilinx/Vitis/2022.2/base_platforms/xilinx_zcu104_base_202220_1/xilinx_zcu104_base_202220_1.xpfm
20:03:40 INFO  : Checking for BSP changes to sync application flags for project 'kof'...
20:03:42 INFO  : The hardware specification used by project 'kof' is out of sync with the platform. Resource files extracted from the hardware specification will be updated.
20:03:42 INFO  : The file 'C:\Users\yunxuan5\KOF-94\lab6_1\workspace3\kof\_ide\bitstream\mb_usb_hdmi_top.bit' stored in project is removed.
20:03:42 INFO  : The file 'C:\Users\yunxuan5\KOF-94\lab6_1\workspace3\kof\_ide\bitstream\mb_usb_hdmi_top.mmi' stored in project is removed.
20:03:42 INFO  : The updated bitstream files are copied from platform to folder 'C:\Users\yunxuan5\KOF-94\lab6_1\workspace3\kof\_ide\bitstream' in project 'kof'.
20:03:48 INFO  : Connected to target on host '127.0.0.1' and port '3121'.
20:03:49 INFO  : Jtag cable 'RealDigital Boo 8874292302C1A' is selected.
20:03:49 INFO  : 'jtag frequency' command is executed.
20:03:49 INFO  : 'targets -set -filter {jtag_cable_name =~ "RealDigital Boo 8874292302C1A" && level==0 && jtag_device_ctx=="jsn1-0362f093-0"}' command is executed.
20:03:50 INFO  : Device configured successfully with "C:/Users/yunxuan5/KOF-94/lab6_1/workspace3/kof/_ide/bitstream/mb_usb_hdmi_top.bit"
20:03:50 INFO  : Context for processor 'microblaze_0' is selected.
20:03:50 INFO  : Hardware design and registers information is loaded from 'C:/Users/yunxuan5/KOF-94/lab6_1/workspace3/mb_usb_hdmi_top/export/mb_usb_hdmi_top/hw/mb_usb_hdmi_top.xsa'.
20:03:50 INFO  : 'configparams mdm-detect-bscan-mask 2' command is executed.
20:03:50 INFO  : Context for processor 'microblaze_0' is selected.
20:03:50 INFO  : System reset is completed.
20:03:53 INFO  : 'after 3000' command is executed.
20:03:53 INFO  : Context for processor 'microblaze_0' is selected.
20:03:53 INFO  : The application 'C:/Users/yunxuan5/KOF-94/lab6_1/workspace3/kof/Debug/kof.elf' is downloaded to processor 'microblaze_0'.
20:03:53 INFO  : ----------------XSDB Script----------------
connect -url tcp:127.0.0.1:3121
targets -set -filter {jtag_cable_name =~ "RealDigital Boo 8874292302C1A" && level==0 && jtag_device_ctx=="jsn1-0362f093-0"}
fpga -file C:/Users/yunxuan5/KOF-94/lab6_1/workspace3/kof/_ide/bitstream/mb_usb_hdmi_top.bit
targets -set -nocase -filter {name =~ "*microblaze*#0" && bscan=="USER2" }
loadhw -hw C:/Users/yunxuan5/KOF-94/lab6_1/workspace3/mb_usb_hdmi_top/export/mb_usb_hdmi_top/hw/mb_usb_hdmi_top.xsa -regs
configparams mdm-detect-bscan-mask 2
targets -set -nocase -filter {name =~ "*microblaze*#0" && bscan=="USER2" }
rst -system
after 3000
targets -set -nocase -filter {name =~ "*microblaze*#0" && bscan=="USER2" }
dow C:/Users/yunxuan5/KOF-94/lab6_1/workspace3/kof/Debug/kof.elf
----------------End of Script----------------

20:03:53 INFO  : Context for processor 'microblaze_0' is selected.
20:03:53 INFO  : 'con' command is executed.
20:03:53 INFO  : ----------------XSDB Script (After Launch)----------------
targets -set -nocase -filter {name =~ "*microblaze*#0" && bscan=="USER2" }
con
----------------End of Script----------------

20:03:53 INFO  : Disconnected from the channel tcfchan#7.
20:17:14 INFO  : Hardware specification for platform project 'mb_usb_hdmi_top' is updated.
20:17:26 INFO  : Result from executing command 'getProjects': mb_usb_hdmi_top
20:17:26 INFO  : Result from executing command 'getPlatforms': xilinx_vck190_base_202220_1|C:/Xilinx/Vitis/2022.2/base_platforms/xilinx_vck190_base_202220_1/xilinx_vck190_base_202220_1.xpfm;xilinx_vck190_base_dfx_202220_1|C:/Xilinx/Vitis/2022.2/base_platforms/xilinx_vck190_base_dfx_202220_1/xilinx_vck190_base_dfx_202220_1.xpfm;xilinx_vmk180_base_202220_1|C:/Xilinx/Vitis/2022.2/base_platforms/xilinx_vmk180_base_202220_1/xilinx_vmk180_base_202220_1.xpfm;xilinx_zcu102_base_202220_1|C:/Xilinx/Vitis/2022.2/base_platforms/xilinx_zcu102_base_202220_1/xilinx_zcu102_base_202220_1.xpfm;xilinx_zcu102_base_dfx_202220_1|C:/Xilinx/Vitis/2022.2/base_platforms/xilinx_zcu102_base_dfx_202220_1/xilinx_zcu102_base_dfx_202220_1.xpfm;xilinx_zcu104_base_202220_1|C:/Xilinx/Vitis/2022.2/base_platforms/xilinx_zcu104_base_202220_1/xilinx_zcu104_base_202220_1.xpfm
20:17:27 INFO  : Checking for BSP changes to sync application flags for project 'kof'...
20:17:30 INFO  : The hardware specification used by project 'kof' is out of sync with the platform. Resource files extracted from the hardware specification will be updated.
20:17:30 INFO  : The file 'C:\Users\yunxuan5\KOF-94\lab6_1\workspace3\kof\_ide\bitstream\mb_usb_hdmi_top.bit' stored in project is removed.
20:17:30 INFO  : The file 'C:\Users\yunxuan5\KOF-94\lab6_1\workspace3\kof\_ide\bitstream\mb_usb_hdmi_top.mmi' stored in project is removed.
20:17:30 INFO  : The updated bitstream files are copied from platform to folder 'C:\Users\yunxuan5\KOF-94\lab6_1\workspace3\kof\_ide\bitstream' in project 'kof'.
20:17:36 INFO  : Connected to target on host '127.0.0.1' and port '3121'.
20:17:36 INFO  : Jtag cable 'RealDigital Boo 8874292302C1A' is selected.
20:17:36 INFO  : 'jtag frequency' command is executed.
20:17:36 INFO  : 'targets -set -filter {jtag_cable_name =~ "RealDigital Boo 8874292302C1A" && level==0 && jtag_device_ctx=="jsn1-0362f093-0"}' command is executed.
20:17:37 INFO  : Device configured successfully with "C:/Users/yunxuan5/KOF-94/lab6_1/workspace3/kof/_ide/bitstream/mb_usb_hdmi_top.bit"
20:17:37 INFO  : Context for processor 'microblaze_0' is selected.
20:17:37 INFO  : Hardware design and registers information is loaded from 'C:/Users/yunxuan5/KOF-94/lab6_1/workspace3/mb_usb_hdmi_top/export/mb_usb_hdmi_top/hw/mb_usb_hdmi_top.xsa'.
20:17:37 INFO  : 'configparams mdm-detect-bscan-mask 2' command is executed.
20:17:37 INFO  : Context for processor 'microblaze_0' is selected.
20:17:37 INFO  : System reset is completed.
20:17:40 INFO  : 'after 3000' command is executed.
20:17:40 INFO  : Context for processor 'microblaze_0' is selected.
20:17:41 INFO  : The application 'C:/Users/yunxuan5/KOF-94/lab6_1/workspace3/kof/Debug/kof.elf' is downloaded to processor 'microblaze_0'.
20:17:41 INFO  : ----------------XSDB Script----------------
connect -url tcp:127.0.0.1:3121
targets -set -filter {jtag_cable_name =~ "RealDigital Boo 8874292302C1A" && level==0 && jtag_device_ctx=="jsn1-0362f093-0"}
fpga -file C:/Users/yunxuan5/KOF-94/lab6_1/workspace3/kof/_ide/bitstream/mb_usb_hdmi_top.bit
targets -set -nocase -filter {name =~ "*microblaze*#0" && bscan=="USER2" }
loadhw -hw C:/Users/yunxuan5/KOF-94/lab6_1/workspace3/mb_usb_hdmi_top/export/mb_usb_hdmi_top/hw/mb_usb_hdmi_top.xsa -regs
configparams mdm-detect-bscan-mask 2
targets -set -nocase -filter {name =~ "*microblaze*#0" && bscan=="USER2" }
rst -system
after 3000
targets -set -nocase -filter {name =~ "*microblaze*#0" && bscan=="USER2" }
dow C:/Users/yunxuan5/KOF-94/lab6_1/workspace3/kof/Debug/kof.elf
----------------End of Script----------------

20:17:41 INFO  : Context for processor 'microblaze_0' is selected.
20:17:41 INFO  : 'con' command is executed.
20:17:41 INFO  : ----------------XSDB Script (After Launch)----------------
targets -set -nocase -filter {name =~ "*microblaze*#0" && bscan=="USER2" }
con
----------------End of Script----------------

20:17:41 INFO  : Disconnected from the channel tcfchan#9.
20:42:05 INFO  : Hardware specification for platform project 'mb_usb_hdmi_top' is updated.
20:42:17 INFO  : Result from executing command 'getProjects': mb_usb_hdmi_top
20:42:17 INFO  : Result from executing command 'getPlatforms': xilinx_vck190_base_202220_1|C:/Xilinx/Vitis/2022.2/base_platforms/xilinx_vck190_base_202220_1/xilinx_vck190_base_202220_1.xpfm;xilinx_vck190_base_dfx_202220_1|C:/Xilinx/Vitis/2022.2/base_platforms/xilinx_vck190_base_dfx_202220_1/xilinx_vck190_base_dfx_202220_1.xpfm;xilinx_vmk180_base_202220_1|C:/Xilinx/Vitis/2022.2/base_platforms/xilinx_vmk180_base_202220_1/xilinx_vmk180_base_202220_1.xpfm;xilinx_zcu102_base_202220_1|C:/Xilinx/Vitis/2022.2/base_platforms/xilinx_zcu102_base_202220_1/xilinx_zcu102_base_202220_1.xpfm;xilinx_zcu102_base_dfx_202220_1|C:/Xilinx/Vitis/2022.2/base_platforms/xilinx_zcu102_base_dfx_202220_1/xilinx_zcu102_base_dfx_202220_1.xpfm;xilinx_zcu104_base_202220_1|C:/Xilinx/Vitis/2022.2/base_platforms/xilinx_zcu104_base_202220_1/xilinx_zcu104_base_202220_1.xpfm
20:42:18 INFO  : Checking for BSP changes to sync application flags for project 'kof'...
20:42:21 INFO  : The hardware specification used by project 'kof' is out of sync with the platform. Resource files extracted from the hardware specification will be updated.
20:42:21 INFO  : The file 'C:\Users\yunxuan5\KOF-94\lab6_1\workspace3\kof\_ide\bitstream\mb_usb_hdmi_top.bit' stored in project is removed.
20:42:21 INFO  : The file 'C:\Users\yunxuan5\KOF-94\lab6_1\workspace3\kof\_ide\bitstream\mb_usb_hdmi_top.mmi' stored in project is removed.
20:42:21 INFO  : The updated bitstream files are copied from platform to folder 'C:\Users\yunxuan5\KOF-94\lab6_1\workspace3\kof\_ide\bitstream' in project 'kof'.
20:42:26 INFO  : Connected to target on host '127.0.0.1' and port '3121'.
20:42:26 INFO  : Jtag cable 'RealDigital Boo 8874292302C1A' is selected.
20:42:26 INFO  : 'jtag frequency' command is executed.
20:42:26 INFO  : 'targets -set -filter {jtag_cable_name =~ "RealDigital Boo 8874292302C1A" && level==0 && jtag_device_ctx=="jsn1-0362f093-0"}' command is executed.
20:42:27 INFO  : Device configured successfully with "C:/Users/yunxuan5/KOF-94/lab6_1/workspace3/kof/_ide/bitstream/mb_usb_hdmi_top.bit"
20:42:27 INFO  : Context for processor 'microblaze_0' is selected.
20:42:27 INFO  : Hardware design and registers information is loaded from 'C:/Users/yunxuan5/KOF-94/lab6_1/workspace3/mb_usb_hdmi_top/export/mb_usb_hdmi_top/hw/mb_usb_hdmi_top.xsa'.
20:42:27 INFO  : 'configparams mdm-detect-bscan-mask 2' command is executed.
20:42:27 INFO  : Context for processor 'microblaze_0' is selected.
20:42:27 INFO  : System reset is completed.
20:42:31 INFO  : 'after 3000' command is executed.
20:42:31 INFO  : Context for processor 'microblaze_0' is selected.
20:42:31 INFO  : The application 'C:/Users/yunxuan5/KOF-94/lab6_1/workspace3/kof/Debug/kof.elf' is downloaded to processor 'microblaze_0'.
20:42:31 INFO  : ----------------XSDB Script----------------
connect -url tcp:127.0.0.1:3121
targets -set -filter {jtag_cable_name =~ "RealDigital Boo 8874292302C1A" && level==0 && jtag_device_ctx=="jsn1-0362f093-0"}
fpga -file C:/Users/yunxuan5/KOF-94/lab6_1/workspace3/kof/_ide/bitstream/mb_usb_hdmi_top.bit
targets -set -nocase -filter {name =~ "*microblaze*#0" && bscan=="USER2" }
loadhw -hw C:/Users/yunxuan5/KOF-94/lab6_1/workspace3/mb_usb_hdmi_top/export/mb_usb_hdmi_top/hw/mb_usb_hdmi_top.xsa -regs
configparams mdm-detect-bscan-mask 2
targets -set -nocase -filter {name =~ "*microblaze*#0" && bscan=="USER2" }
rst -system
after 3000
targets -set -nocase -filter {name =~ "*microblaze*#0" && bscan=="USER2" }
dow C:/Users/yunxuan5/KOF-94/lab6_1/workspace3/kof/Debug/kof.elf
----------------End of Script----------------

20:42:31 INFO  : Context for processor 'microblaze_0' is selected.
20:42:31 INFO  : 'con' command is executed.
20:42:31 INFO  : ----------------XSDB Script (After Launch)----------------
targets -set -nocase -filter {name =~ "*microblaze*#0" && bscan=="USER2" }
con
----------------End of Script----------------

20:42:31 INFO  : Disconnected from the channel tcfchan#11.
21:03:36 INFO  : Hardware specification for platform project 'mb_usb_hdmi_top' is updated.
21:03:47 INFO  : Result from executing command 'getProjects': mb_usb_hdmi_top
21:03:47 INFO  : Result from executing command 'getPlatforms': xilinx_vck190_base_202220_1|C:/Xilinx/Vitis/2022.2/base_platforms/xilinx_vck190_base_202220_1/xilinx_vck190_base_202220_1.xpfm;xilinx_vck190_base_dfx_202220_1|C:/Xilinx/Vitis/2022.2/base_platforms/xilinx_vck190_base_dfx_202220_1/xilinx_vck190_base_dfx_202220_1.xpfm;xilinx_vmk180_base_202220_1|C:/Xilinx/Vitis/2022.2/base_platforms/xilinx_vmk180_base_202220_1/xilinx_vmk180_base_202220_1.xpfm;xilinx_zcu102_base_202220_1|C:/Xilinx/Vitis/2022.2/base_platforms/xilinx_zcu102_base_202220_1/xilinx_zcu102_base_202220_1.xpfm;xilinx_zcu102_base_dfx_202220_1|C:/Xilinx/Vitis/2022.2/base_platforms/xilinx_zcu102_base_dfx_202220_1/xilinx_zcu102_base_dfx_202220_1.xpfm;xilinx_zcu104_base_202220_1|C:/Xilinx/Vitis/2022.2/base_platforms/xilinx_zcu104_base_202220_1/xilinx_zcu104_base_202220_1.xpfm
21:03:49 INFO  : Checking for BSP changes to sync application flags for project 'kof'...
21:03:51 INFO  : The hardware specification used by project 'kof' is out of sync with the platform. Resource files extracted from the hardware specification will be updated.
21:03:51 INFO  : The file 'C:\Users\yunxuan5\KOF-94\lab6_1\workspace3\kof\_ide\bitstream\mb_usb_hdmi_top.bit' stored in project is removed.
21:03:51 INFO  : The file 'C:\Users\yunxuan5\KOF-94\lab6_1\workspace3\kof\_ide\bitstream\mb_usb_hdmi_top.mmi' stored in project is removed.
21:03:51 INFO  : The updated bitstream files are copied from platform to folder 'C:\Users\yunxuan5\KOF-94\lab6_1\workspace3\kof\_ide\bitstream' in project 'kof'.
21:03:58 INFO  : Connected to target on host '127.0.0.1' and port '3121'.
21:03:58 INFO  : Jtag cable 'RealDigital Boo 8874292302C1A' is selected.
21:03:58 INFO  : 'jtag frequency' command is executed.
21:03:58 INFO  : 'targets -set -filter {jtag_cable_name =~ "RealDigital Boo 8874292302C1A" && level==0 && jtag_device_ctx=="jsn1-0362f093-0"}' command is executed.
21:04:00 INFO  : Device configured successfully with "C:/Users/yunxuan5/KOF-94/lab6_1/workspace3/kof/_ide/bitstream/mb_usb_hdmi_top.bit"
21:04:00 INFO  : Context for processor 'microblaze_0' is selected.
21:04:00 INFO  : Hardware design and registers information is loaded from 'C:/Users/yunxuan5/KOF-94/lab6_1/workspace3/mb_usb_hdmi_top/export/mb_usb_hdmi_top/hw/mb_usb_hdmi_top.xsa'.
21:04:00 INFO  : 'configparams mdm-detect-bscan-mask 2' command is executed.
21:04:00 INFO  : Context for processor 'microblaze_0' is selected.
21:04:00 INFO  : System reset is completed.
21:04:03 INFO  : 'after 3000' command is executed.
21:04:03 INFO  : Context for processor 'microblaze_0' is selected.
21:04:03 INFO  : The application 'C:/Users/yunxuan5/KOF-94/lab6_1/workspace3/kof/Debug/kof.elf' is downloaded to processor 'microblaze_0'.
21:04:03 INFO  : ----------------XSDB Script----------------
connect -url tcp:127.0.0.1:3121
targets -set -filter {jtag_cable_name =~ "RealDigital Boo 8874292302C1A" && level==0 && jtag_device_ctx=="jsn1-0362f093-0"}
fpga -file C:/Users/yunxuan5/KOF-94/lab6_1/workspace3/kof/_ide/bitstream/mb_usb_hdmi_top.bit
targets -set -nocase -filter {name =~ "*microblaze*#0" && bscan=="USER2" }
loadhw -hw C:/Users/yunxuan5/KOF-94/lab6_1/workspace3/mb_usb_hdmi_top/export/mb_usb_hdmi_top/hw/mb_usb_hdmi_top.xsa -regs
configparams mdm-detect-bscan-mask 2
targets -set -nocase -filter {name =~ "*microblaze*#0" && bscan=="USER2" }
rst -system
after 3000
targets -set -nocase -filter {name =~ "*microblaze*#0" && bscan=="USER2" }
dow C:/Users/yunxuan5/KOF-94/lab6_1/workspace3/kof/Debug/kof.elf
----------------End of Script----------------

21:04:03 INFO  : Context for processor 'microblaze_0' is selected.
21:04:03 INFO  : 'con' command is executed.
21:04:03 INFO  : ----------------XSDB Script (After Launch)----------------
targets -set -nocase -filter {name =~ "*microblaze*#0" && bscan=="USER2" }
con
----------------End of Script----------------

21:04:03 INFO  : Disconnected from the channel tcfchan#13.
21:17:45 INFO  : Hardware specification for platform project 'mb_usb_hdmi_top' is updated.
21:17:55 INFO  : Result from executing command 'getProjects': mb_usb_hdmi_top
21:17:55 INFO  : Result from executing command 'getPlatforms': mb_usb_hdmi_top|C:/Users/yunxuan5/KOF-94/lab6_1/workspace3/mb_usb_hdmi_top/export/mb_usb_hdmi_top/mb_usb_hdmi_top.xpfm;xilinx_vck190_base_202220_1|C:/Xilinx/Vitis/2022.2/base_platforms/xilinx_vck190_base_202220_1/xilinx_vck190_base_202220_1.xpfm;xilinx_vck190_base_dfx_202220_1|C:/Xilinx/Vitis/2022.2/base_platforms/xilinx_vck190_base_dfx_202220_1/xilinx_vck190_base_dfx_202220_1.xpfm;xilinx_vmk180_base_202220_1|C:/Xilinx/Vitis/2022.2/base_platforms/xilinx_vmk180_base_202220_1/xilinx_vmk180_base_202220_1.xpfm;xilinx_zcu102_base_202220_1|C:/Xilinx/Vitis/2022.2/base_platforms/xilinx_zcu102_base_202220_1/xilinx_zcu102_base_202220_1.xpfm;xilinx_zcu102_base_dfx_202220_1|C:/Xilinx/Vitis/2022.2/base_platforms/xilinx_zcu102_base_dfx_202220_1/xilinx_zcu102_base_dfx_202220_1.xpfm;xilinx_zcu104_base_202220_1|C:/Xilinx/Vitis/2022.2/base_platforms/xilinx_zcu104_base_202220_1/xilinx_zcu104_base_202220_1.xpfm
21:17:56 INFO  : Checking for BSP changes to sync application flags for project 'kof'...
21:17:59 INFO  : The hardware specification used by project 'kof' is out of sync with the platform. Resource files extracted from the hardware specification will be updated.
21:17:59 INFO  : The file 'C:\Users\yunxuan5\KOF-94\lab6_1\workspace3\kof\_ide\bitstream\mb_usb_hdmi_top.bit' stored in project is removed.
21:17:59 INFO  : The file 'C:\Users\yunxuan5\KOF-94\lab6_1\workspace3\kof\_ide\bitstream\mb_usb_hdmi_top.mmi' stored in project is removed.
21:17:59 INFO  : The updated bitstream files are copied from platform to folder 'C:\Users\yunxuan5\KOF-94\lab6_1\workspace3\kof\_ide\bitstream' in project 'kof'.
21:18:03 INFO  : Connected to target on host '127.0.0.1' and port '3121'.
21:18:03 INFO  : Jtag cable 'RealDigital Boo 8874292302C1A' is selected.
21:18:03 INFO  : 'jtag frequency' command is executed.
21:18:03 INFO  : 'targets -set -filter {jtag_cable_name =~ "RealDigital Boo 8874292302C1A" && level==0 && jtag_device_ctx=="jsn1-0362f093-0"}' command is executed.
21:18:04 INFO  : Device configured successfully with "C:/Users/yunxuan5/KOF-94/lab6_1/workspace3/kof/_ide/bitstream/mb_usb_hdmi_top.bit"
21:18:04 INFO  : Context for processor 'microblaze_0' is selected.
21:18:04 INFO  : Hardware design and registers information is loaded from 'C:/Users/yunxuan5/KOF-94/lab6_1/workspace3/mb_usb_hdmi_top/export/mb_usb_hdmi_top/hw/mb_usb_hdmi_top.xsa'.
21:18:04 INFO  : 'configparams mdm-detect-bscan-mask 2' command is executed.
21:18:04 INFO  : Context for processor 'microblaze_0' is selected.
21:18:04 INFO  : System reset is completed.
21:18:07 INFO  : 'after 3000' command is executed.
21:18:07 INFO  : Context for processor 'microblaze_0' is selected.
21:18:08 INFO  : The application 'C:/Users/yunxuan5/KOF-94/lab6_1/workspace3/kof/Debug/kof.elf' is downloaded to processor 'microblaze_0'.
21:18:08 INFO  : ----------------XSDB Script----------------
connect -url tcp:127.0.0.1:3121
targets -set -filter {jtag_cable_name =~ "RealDigital Boo 8874292302C1A" && level==0 && jtag_device_ctx=="jsn1-0362f093-0"}
fpga -file C:/Users/yunxuan5/KOF-94/lab6_1/workspace3/kof/_ide/bitstream/mb_usb_hdmi_top.bit
targets -set -nocase -filter {name =~ "*microblaze*#0" && bscan=="USER2" }
loadhw -hw C:/Users/yunxuan5/KOF-94/lab6_1/workspace3/mb_usb_hdmi_top/export/mb_usb_hdmi_top/hw/mb_usb_hdmi_top.xsa -regs
configparams mdm-detect-bscan-mask 2
targets -set -nocase -filter {name =~ "*microblaze*#0" && bscan=="USER2" }
rst -system
after 3000
targets -set -nocase -filter {name =~ "*microblaze*#0" && bscan=="USER2" }
dow C:/Users/yunxuan5/KOF-94/lab6_1/workspace3/kof/Debug/kof.elf
----------------End of Script----------------

21:18:08 INFO  : Context for processor 'microblaze_0' is selected.
21:18:08 INFO  : 'con' command is executed.
21:18:08 INFO  : ----------------XSDB Script (After Launch)----------------
targets -set -nocase -filter {name =~ "*microblaze*#0" && bscan=="USER2" }
con
----------------End of Script----------------

21:18:08 INFO  : Disconnected from the channel tcfchan#15.
21:46:37 INFO  : Hardware specification for platform project 'mb_usb_hdmi_top' is updated.
21:46:52 INFO  : Result from executing command 'getProjects': mb_usb_hdmi_top
21:46:52 INFO  : Result from executing command 'getPlatforms': xilinx_vck190_base_202220_1|C:/Xilinx/Vitis/2022.2/base_platforms/xilinx_vck190_base_202220_1/xilinx_vck190_base_202220_1.xpfm;xilinx_vck190_base_dfx_202220_1|C:/Xilinx/Vitis/2022.2/base_platforms/xilinx_vck190_base_dfx_202220_1/xilinx_vck190_base_dfx_202220_1.xpfm;xilinx_vmk180_base_202220_1|C:/Xilinx/Vitis/2022.2/base_platforms/xilinx_vmk180_base_202220_1/xilinx_vmk180_base_202220_1.xpfm;xilinx_zcu102_base_202220_1|C:/Xilinx/Vitis/2022.2/base_platforms/xilinx_zcu102_base_202220_1/xilinx_zcu102_base_202220_1.xpfm;xilinx_zcu102_base_dfx_202220_1|C:/Xilinx/Vitis/2022.2/base_platforms/xilinx_zcu102_base_dfx_202220_1/xilinx_zcu102_base_dfx_202220_1.xpfm;xilinx_zcu104_base_202220_1|C:/Xilinx/Vitis/2022.2/base_platforms/xilinx_zcu104_base_202220_1/xilinx_zcu104_base_202220_1.xpfm
21:46:53 INFO  : Checking for BSP changes to sync application flags for project 'kof'...
21:46:56 INFO  : The hardware specification used by project 'kof' is out of sync with the platform. Resource files extracted from the hardware specification will be updated.
21:46:56 INFO  : The file 'C:\Users\yunxuan5\KOF-94\lab6_1\workspace3\kof\_ide\bitstream\mb_usb_hdmi_top.bit' stored in project is removed.
21:46:56 INFO  : The file 'C:\Users\yunxuan5\KOF-94\lab6_1\workspace3\kof\_ide\bitstream\mb_usb_hdmi_top.mmi' stored in project is removed.
21:46:56 INFO  : The updated bitstream files are copied from platform to folder 'C:\Users\yunxuan5\KOF-94\lab6_1\workspace3\kof\_ide\bitstream' in project 'kof'.
21:47:07 INFO  : Connected to target on host '127.0.0.1' and port '3121'.
21:47:07 INFO  : Jtag cable 'RealDigital Boo 8874292302C1A' is selected.
21:47:07 INFO  : 'jtag frequency' command is executed.
21:47:07 INFO  : 'targets -set -filter {jtag_cable_name =~ "RealDigital Boo 8874292302C1A" && level==0 && jtag_device_ctx=="jsn1-0362f093-0"}' command is executed.
21:47:08 INFO  : Device configured successfully with "C:/Users/yunxuan5/KOF-94/lab6_1/workspace3/kof/_ide/bitstream/mb_usb_hdmi_top.bit"
21:47:08 INFO  : Context for processor 'microblaze_0' is selected.
21:47:08 INFO  : Hardware design and registers information is loaded from 'C:/Users/yunxuan5/KOF-94/lab6_1/workspace3/mb_usb_hdmi_top/export/mb_usb_hdmi_top/hw/mb_usb_hdmi_top.xsa'.
21:47:08 INFO  : 'configparams mdm-detect-bscan-mask 2' command is executed.
21:47:08 INFO  : Context for processor 'microblaze_0' is selected.
21:47:08 INFO  : System reset is completed.
21:47:11 INFO  : 'after 3000' command is executed.
21:47:11 INFO  : Context for processor 'microblaze_0' is selected.
21:47:12 INFO  : The application 'C:/Users/yunxuan5/KOF-94/lab6_1/workspace3/kof/Debug/kof.elf' is downloaded to processor 'microblaze_0'.
21:47:12 INFO  : ----------------XSDB Script----------------
connect -url tcp:127.0.0.1:3121
targets -set -filter {jtag_cable_name =~ "RealDigital Boo 8874292302C1A" && level==0 && jtag_device_ctx=="jsn1-0362f093-0"}
fpga -file C:/Users/yunxuan5/KOF-94/lab6_1/workspace3/kof/_ide/bitstream/mb_usb_hdmi_top.bit
targets -set -nocase -filter {name =~ "*microblaze*#0" && bscan=="USER2" }
loadhw -hw C:/Users/yunxuan5/KOF-94/lab6_1/workspace3/mb_usb_hdmi_top/export/mb_usb_hdmi_top/hw/mb_usb_hdmi_top.xsa -regs
configparams mdm-detect-bscan-mask 2
targets -set -nocase -filter {name =~ "*microblaze*#0" && bscan=="USER2" }
rst -system
after 3000
targets -set -nocase -filter {name =~ "*microblaze*#0" && bscan=="USER2" }
dow C:/Users/yunxuan5/KOF-94/lab6_1/workspace3/kof/Debug/kof.elf
----------------End of Script----------------

21:47:12 INFO  : Context for processor 'microblaze_0' is selected.
21:47:12 INFO  : 'con' command is executed.
21:47:12 INFO  : ----------------XSDB Script (After Launch)----------------
targets -set -nocase -filter {name =~ "*microblaze*#0" && bscan=="USER2" }
con
----------------End of Script----------------

21:47:12 INFO  : Disconnected from the channel tcfchan#17.
21:54:52 INFO  : Hardware specification for platform project 'mb_usb_hdmi_top' is updated.
21:55:03 INFO  : Result from executing command 'getProjects': mb_usb_hdmi_top
21:55:03 INFO  : Result from executing command 'getPlatforms': xilinx_vck190_base_202220_1|C:/Xilinx/Vitis/2022.2/base_platforms/xilinx_vck190_base_202220_1/xilinx_vck190_base_202220_1.xpfm;xilinx_vck190_base_dfx_202220_1|C:/Xilinx/Vitis/2022.2/base_platforms/xilinx_vck190_base_dfx_202220_1/xilinx_vck190_base_dfx_202220_1.xpfm;xilinx_vmk180_base_202220_1|C:/Xilinx/Vitis/2022.2/base_platforms/xilinx_vmk180_base_202220_1/xilinx_vmk180_base_202220_1.xpfm;xilinx_zcu102_base_202220_1|C:/Xilinx/Vitis/2022.2/base_platforms/xilinx_zcu102_base_202220_1/xilinx_zcu102_base_202220_1.xpfm;xilinx_zcu102_base_dfx_202220_1|C:/Xilinx/Vitis/2022.2/base_platforms/xilinx_zcu102_base_dfx_202220_1/xilinx_zcu102_base_dfx_202220_1.xpfm;xilinx_zcu104_base_202220_1|C:/Xilinx/Vitis/2022.2/base_platforms/xilinx_zcu104_base_202220_1/xilinx_zcu104_base_202220_1.xpfm
21:55:04 INFO  : Checking for BSP changes to sync application flags for project 'kof'...
21:55:06 INFO  : The hardware specification used by project 'kof' is out of sync with the platform. Resource files extracted from the hardware specification will be updated.
21:55:06 INFO  : The file 'C:\Users\yunxuan5\KOF-94\lab6_1\workspace3\kof\_ide\bitstream\mb_usb_hdmi_top.bit' stored in project is removed.
21:55:06 INFO  : The file 'C:\Users\yunxuan5\KOF-94\lab6_1\workspace3\kof\_ide\bitstream\mb_usb_hdmi_top.mmi' stored in project is removed.
21:55:06 INFO  : The updated bitstream files are copied from platform to folder 'C:\Users\yunxuan5\KOF-94\lab6_1\workspace3\kof\_ide\bitstream' in project 'kof'.
21:55:14 INFO  : Connected to target on host '127.0.0.1' and port '3121'.
21:55:14 INFO  : Jtag cable 'RealDigital Boo 8874292302C1A' is selected.
21:55:14 INFO  : 'jtag frequency' command is executed.
21:55:14 INFO  : 'targets -set -filter {jtag_cable_name =~ "RealDigital Boo 8874292302C1A" && level==0 && jtag_device_ctx=="jsn1-0362f093-0"}' command is executed.
21:55:15 INFO  : Device configured successfully with "C:/Users/yunxuan5/KOF-94/lab6_1/workspace3/kof/_ide/bitstream/mb_usb_hdmi_top.bit"
21:55:15 INFO  : Context for processor 'microblaze_0' is selected.
21:55:15 INFO  : Hardware design and registers information is loaded from 'C:/Users/yunxuan5/KOF-94/lab6_1/workspace3/mb_usb_hdmi_top/export/mb_usb_hdmi_top/hw/mb_usb_hdmi_top.xsa'.
21:55:15 INFO  : 'configparams mdm-detect-bscan-mask 2' command is executed.
21:55:15 INFO  : Context for processor 'microblaze_0' is selected.
21:55:15 INFO  : System reset is completed.
21:55:18 INFO  : 'after 3000' command is executed.
21:55:18 INFO  : Context for processor 'microblaze_0' is selected.
21:55:19 INFO  : The application 'C:/Users/yunxuan5/KOF-94/lab6_1/workspace3/kof/Debug/kof.elf' is downloaded to processor 'microblaze_0'.
21:55:19 INFO  : ----------------XSDB Script----------------
connect -url tcp:127.0.0.1:3121
targets -set -filter {jtag_cable_name =~ "RealDigital Boo 8874292302C1A" && level==0 && jtag_device_ctx=="jsn1-0362f093-0"}
fpga -file C:/Users/yunxuan5/KOF-94/lab6_1/workspace3/kof/_ide/bitstream/mb_usb_hdmi_top.bit
targets -set -nocase -filter {name =~ "*microblaze*#0" && bscan=="USER2" }
loadhw -hw C:/Users/yunxuan5/KOF-94/lab6_1/workspace3/mb_usb_hdmi_top/export/mb_usb_hdmi_top/hw/mb_usb_hdmi_top.xsa -regs
configparams mdm-detect-bscan-mask 2
targets -set -nocase -filter {name =~ "*microblaze*#0" && bscan=="USER2" }
rst -system
after 3000
targets -set -nocase -filter {name =~ "*microblaze*#0" && bscan=="USER2" }
dow C:/Users/yunxuan5/KOF-94/lab6_1/workspace3/kof/Debug/kof.elf
----------------End of Script----------------

21:55:19 INFO  : Context for processor 'microblaze_0' is selected.
21:55:19 INFO  : 'con' command is executed.
21:55:19 INFO  : ----------------XSDB Script (After Launch)----------------
targets -set -nocase -filter {name =~ "*microblaze*#0" && bscan=="USER2" }
con
----------------End of Script----------------

21:55:19 INFO  : Disconnected from the channel tcfchan#19.
22:02:48 INFO  : Hardware specification for platform project 'mb_usb_hdmi_top' is updated.
22:03:01 INFO  : Result from executing command 'getProjects': mb_usb_hdmi_top
22:03:01 INFO  : Result from executing command 'getPlatforms': xilinx_vck190_base_202220_1|C:/Xilinx/Vitis/2022.2/base_platforms/xilinx_vck190_base_202220_1/xilinx_vck190_base_202220_1.xpfm;xilinx_vck190_base_dfx_202220_1|C:/Xilinx/Vitis/2022.2/base_platforms/xilinx_vck190_base_dfx_202220_1/xilinx_vck190_base_dfx_202220_1.xpfm;xilinx_vmk180_base_202220_1|C:/Xilinx/Vitis/2022.2/base_platforms/xilinx_vmk180_base_202220_1/xilinx_vmk180_base_202220_1.xpfm;xilinx_zcu102_base_202220_1|C:/Xilinx/Vitis/2022.2/base_platforms/xilinx_zcu102_base_202220_1/xilinx_zcu102_base_202220_1.xpfm;xilinx_zcu102_base_dfx_202220_1|C:/Xilinx/Vitis/2022.2/base_platforms/xilinx_zcu102_base_dfx_202220_1/xilinx_zcu102_base_dfx_202220_1.xpfm;xilinx_zcu104_base_202220_1|C:/Xilinx/Vitis/2022.2/base_platforms/xilinx_zcu104_base_202220_1/xilinx_zcu104_base_202220_1.xpfm
22:03:03 INFO  : Checking for BSP changes to sync application flags for project 'kof'...
22:03:05 INFO  : The hardware specification used by project 'kof' is out of sync with the platform. Resource files extracted from the hardware specification will be updated.
22:03:05 INFO  : The file 'C:\Users\yunxuan5\KOF-94\lab6_1\workspace3\kof\_ide\bitstream\mb_usb_hdmi_top.bit' stored in project is removed.
22:03:05 INFO  : The file 'C:\Users\yunxuan5\KOF-94\lab6_1\workspace3\kof\_ide\bitstream\mb_usb_hdmi_top.mmi' stored in project is removed.
22:03:05 INFO  : The updated bitstream files are copied from platform to folder 'C:\Users\yunxuan5\KOF-94\lab6_1\workspace3\kof\_ide\bitstream' in project 'kof'.
22:03:13 INFO  : Connected to target on host '127.0.0.1' and port '3121'.
22:03:13 INFO  : Jtag cable 'RealDigital Boo 8874292302C1A' is selected.
22:03:13 INFO  : 'jtag frequency' command is executed.
22:03:13 INFO  : 'targets -set -filter {jtag_cable_name =~ "RealDigital Boo 8874292302C1A" && level==0 && jtag_device_ctx=="jsn1-0362f093-0"}' command is executed.
22:03:14 INFO  : Device configured successfully with "C:/Users/yunxuan5/KOF-94/lab6_1/workspace3/kof/_ide/bitstream/mb_usb_hdmi_top.bit"
22:03:14 INFO  : Context for processor 'microblaze_0' is selected.
22:03:14 INFO  : Hardware design and registers information is loaded from 'C:/Users/yunxuan5/KOF-94/lab6_1/workspace3/mb_usb_hdmi_top/export/mb_usb_hdmi_top/hw/mb_usb_hdmi_top.xsa'.
22:03:14 INFO  : 'configparams mdm-detect-bscan-mask 2' command is executed.
22:03:15 INFO  : Context for processor 'microblaze_0' is selected.
22:03:15 INFO  : System reset is completed.
22:03:18 INFO  : 'after 3000' command is executed.
22:03:18 INFO  : Context for processor 'microblaze_0' is selected.
22:03:18 INFO  : The application 'C:/Users/yunxuan5/KOF-94/lab6_1/workspace3/kof/Debug/kof.elf' is downloaded to processor 'microblaze_0'.
22:03:18 INFO  : ----------------XSDB Script----------------
connect -url tcp:127.0.0.1:3121
targets -set -filter {jtag_cable_name =~ "RealDigital Boo 8874292302C1A" && level==0 && jtag_device_ctx=="jsn1-0362f093-0"}
fpga -file C:/Users/yunxuan5/KOF-94/lab6_1/workspace3/kof/_ide/bitstream/mb_usb_hdmi_top.bit
targets -set -nocase -filter {name =~ "*microblaze*#0" && bscan=="USER2" }
loadhw -hw C:/Users/yunxuan5/KOF-94/lab6_1/workspace3/mb_usb_hdmi_top/export/mb_usb_hdmi_top/hw/mb_usb_hdmi_top.xsa -regs
configparams mdm-detect-bscan-mask 2
targets -set -nocase -filter {name =~ "*microblaze*#0" && bscan=="USER2" }
rst -system
after 3000
targets -set -nocase -filter {name =~ "*microblaze*#0" && bscan=="USER2" }
dow C:/Users/yunxuan5/KOF-94/lab6_1/workspace3/kof/Debug/kof.elf
----------------End of Script----------------

22:03:18 INFO  : Context for processor 'microblaze_0' is selected.
22:03:18 INFO  : 'con' command is executed.
22:03:18 INFO  : ----------------XSDB Script (After Launch)----------------
targets -set -nocase -filter {name =~ "*microblaze*#0" && bscan=="USER2" }
con
----------------End of Script----------------

22:03:18 INFO  : Disconnected from the channel tcfchan#21.
22:12:20 INFO  : Hardware specification for platform project 'mb_usb_hdmi_top' is updated.
22:12:31 INFO  : Result from executing command 'getProjects': mb_usb_hdmi_top
22:12:31 INFO  : Result from executing command 'getPlatforms': xilinx_vck190_base_202220_1|C:/Xilinx/Vitis/2022.2/base_platforms/xilinx_vck190_base_202220_1/xilinx_vck190_base_202220_1.xpfm;xilinx_vck190_base_dfx_202220_1|C:/Xilinx/Vitis/2022.2/base_platforms/xilinx_vck190_base_dfx_202220_1/xilinx_vck190_base_dfx_202220_1.xpfm;xilinx_vmk180_base_202220_1|C:/Xilinx/Vitis/2022.2/base_platforms/xilinx_vmk180_base_202220_1/xilinx_vmk180_base_202220_1.xpfm;xilinx_zcu102_base_202220_1|C:/Xilinx/Vitis/2022.2/base_platforms/xilinx_zcu102_base_202220_1/xilinx_zcu102_base_202220_1.xpfm;xilinx_zcu102_base_dfx_202220_1|C:/Xilinx/Vitis/2022.2/base_platforms/xilinx_zcu102_base_dfx_202220_1/xilinx_zcu102_base_dfx_202220_1.xpfm;xilinx_zcu104_base_202220_1|C:/Xilinx/Vitis/2022.2/base_platforms/xilinx_zcu104_base_202220_1/xilinx_zcu104_base_202220_1.xpfm
22:12:32 INFO  : Checking for BSP changes to sync application flags for project 'kof'...
22:12:35 INFO  : The hardware specification used by project 'kof' is out of sync with the platform. Resource files extracted from the hardware specification will be updated.
22:12:35 INFO  : The file 'C:\Users\yunxuan5\KOF-94\lab6_1\workspace3\kof\_ide\bitstream\mb_usb_hdmi_top.bit' stored in project is removed.
22:12:35 INFO  : The file 'C:\Users\yunxuan5\KOF-94\lab6_1\workspace3\kof\_ide\bitstream\mb_usb_hdmi_top.mmi' stored in project is removed.
22:12:35 INFO  : The updated bitstream files are copied from platform to folder 'C:\Users\yunxuan5\KOF-94\lab6_1\workspace3\kof\_ide\bitstream' in project 'kof'.
22:12:39 INFO  : Connected to target on host '127.0.0.1' and port '3121'.
22:12:40 INFO  : Jtag cable 'RealDigital Boo 8874292302C1A' is selected.
22:12:40 INFO  : 'jtag frequency' command is executed.
22:12:40 INFO  : 'targets -set -filter {jtag_cable_name =~ "RealDigital Boo 8874292302C1A" && level==0 && jtag_device_ctx=="jsn1-0362f093-0"}' command is executed.
22:12:41 INFO  : Device configured successfully with "C:/Users/yunxuan5/KOF-94/lab6_1/workspace3/kof/_ide/bitstream/mb_usb_hdmi_top.bit"
22:12:41 INFO  : Context for processor 'microblaze_0' is selected.
22:12:41 INFO  : Hardware design and registers information is loaded from 'C:/Users/yunxuan5/KOF-94/lab6_1/workspace3/mb_usb_hdmi_top/export/mb_usb_hdmi_top/hw/mb_usb_hdmi_top.xsa'.
22:12:41 INFO  : 'configparams mdm-detect-bscan-mask 2' command is executed.
22:12:41 INFO  : Context for processor 'microblaze_0' is selected.
22:12:41 INFO  : System reset is completed.
22:12:44 INFO  : 'after 3000' command is executed.
22:12:44 INFO  : Context for processor 'microblaze_0' is selected.
22:12:44 INFO  : The application 'C:/Users/yunxuan5/KOF-94/lab6_1/workspace3/kof/Debug/kof.elf' is downloaded to processor 'microblaze_0'.
22:12:44 INFO  : ----------------XSDB Script----------------
connect -url tcp:127.0.0.1:3121
targets -set -filter {jtag_cable_name =~ "RealDigital Boo 8874292302C1A" && level==0 && jtag_device_ctx=="jsn1-0362f093-0"}
fpga -file C:/Users/yunxuan5/KOF-94/lab6_1/workspace3/kof/_ide/bitstream/mb_usb_hdmi_top.bit
targets -set -nocase -filter {name =~ "*microblaze*#0" && bscan=="USER2" }
loadhw -hw C:/Users/yunxuan5/KOF-94/lab6_1/workspace3/mb_usb_hdmi_top/export/mb_usb_hdmi_top/hw/mb_usb_hdmi_top.xsa -regs
configparams mdm-detect-bscan-mask 2
targets -set -nocase -filter {name =~ "*microblaze*#0" && bscan=="USER2" }
rst -system
after 3000
targets -set -nocase -filter {name =~ "*microblaze*#0" && bscan=="USER2" }
dow C:/Users/yunxuan5/KOF-94/lab6_1/workspace3/kof/Debug/kof.elf
----------------End of Script----------------

22:12:44 INFO  : Context for processor 'microblaze_0' is selected.
22:12:44 INFO  : 'con' command is executed.
22:12:44 INFO  : ----------------XSDB Script (After Launch)----------------
targets -set -nocase -filter {name =~ "*microblaze*#0" && bscan=="USER2" }
con
----------------End of Script----------------

22:12:44 INFO  : Disconnected from the channel tcfchan#23.
22:25:57 INFO  : Hardware specification for platform project 'mb_usb_hdmi_top' is updated.
22:26:08 INFO  : Result from executing command 'getProjects': mb_usb_hdmi_top
22:26:08 INFO  : Result from executing command 'getPlatforms': xilinx_vck190_base_202220_1|C:/Xilinx/Vitis/2022.2/base_platforms/xilinx_vck190_base_202220_1/xilinx_vck190_base_202220_1.xpfm;xilinx_vck190_base_dfx_202220_1|C:/Xilinx/Vitis/2022.2/base_platforms/xilinx_vck190_base_dfx_202220_1/xilinx_vck190_base_dfx_202220_1.xpfm;xilinx_vmk180_base_202220_1|C:/Xilinx/Vitis/2022.2/base_platforms/xilinx_vmk180_base_202220_1/xilinx_vmk180_base_202220_1.xpfm;xilinx_zcu102_base_202220_1|C:/Xilinx/Vitis/2022.2/base_platforms/xilinx_zcu102_base_202220_1/xilinx_zcu102_base_202220_1.xpfm;xilinx_zcu102_base_dfx_202220_1|C:/Xilinx/Vitis/2022.2/base_platforms/xilinx_zcu102_base_dfx_202220_1/xilinx_zcu102_base_dfx_202220_1.xpfm;xilinx_zcu104_base_202220_1|C:/Xilinx/Vitis/2022.2/base_platforms/xilinx_zcu104_base_202220_1/xilinx_zcu104_base_202220_1.xpfm
22:26:09 INFO  : Checking for BSP changes to sync application flags for project 'kof'...
22:26:12 INFO  : The hardware specification used by project 'kof' is out of sync with the platform. Resource files extracted from the hardware specification will be updated.
22:26:12 INFO  : The file 'C:\Users\yunxuan5\KOF-94\lab6_1\workspace3\kof\_ide\bitstream\mb_usb_hdmi_top.bit' stored in project is removed.
22:26:12 INFO  : The file 'C:\Users\yunxuan5\KOF-94\lab6_1\workspace3\kof\_ide\bitstream\mb_usb_hdmi_top.mmi' stored in project is removed.
22:26:12 INFO  : The updated bitstream files are copied from platform to folder 'C:\Users\yunxuan5\KOF-94\lab6_1\workspace3\kof\_ide\bitstream' in project 'kof'.
22:26:18 INFO  : Connected to target on host '127.0.0.1' and port '3121'.
22:26:18 INFO  : Jtag cable 'RealDigital Boo 8874292302C1A' is selected.
22:26:18 INFO  : 'jtag frequency' command is executed.
22:26:18 INFO  : 'targets -set -filter {jtag_cable_name =~ "RealDigital Boo 8874292302C1A" && level==0 && jtag_device_ctx=="jsn1-0362f093-0"}' command is executed.
22:26:19 INFO  : Device configured successfully with "C:/Users/yunxuan5/KOF-94/lab6_1/workspace3/kof/_ide/bitstream/mb_usb_hdmi_top.bit"
22:26:19 INFO  : Context for processor 'microblaze_0' is selected.
22:26:19 INFO  : Hardware design and registers information is loaded from 'C:/Users/yunxuan5/KOF-94/lab6_1/workspace3/mb_usb_hdmi_top/export/mb_usb_hdmi_top/hw/mb_usb_hdmi_top.xsa'.
22:26:19 INFO  : 'configparams mdm-detect-bscan-mask 2' command is executed.
22:26:19 INFO  : Context for processor 'microblaze_0' is selected.
22:26:19 INFO  : System reset is completed.
22:26:23 INFO  : 'after 3000' command is executed.
22:26:23 INFO  : Context for processor 'microblaze_0' is selected.
22:26:23 INFO  : The application 'C:/Users/yunxuan5/KOF-94/lab6_1/workspace3/kof/Debug/kof.elf' is downloaded to processor 'microblaze_0'.
22:26:23 INFO  : ----------------XSDB Script----------------
connect -url tcp:127.0.0.1:3121
targets -set -filter {jtag_cable_name =~ "RealDigital Boo 8874292302C1A" && level==0 && jtag_device_ctx=="jsn1-0362f093-0"}
fpga -file C:/Users/yunxuan5/KOF-94/lab6_1/workspace3/kof/_ide/bitstream/mb_usb_hdmi_top.bit
targets -set -nocase -filter {name =~ "*microblaze*#0" && bscan=="USER2" }
loadhw -hw C:/Users/yunxuan5/KOF-94/lab6_1/workspace3/mb_usb_hdmi_top/export/mb_usb_hdmi_top/hw/mb_usb_hdmi_top.xsa -regs
configparams mdm-detect-bscan-mask 2
targets -set -nocase -filter {name =~ "*microblaze*#0" && bscan=="USER2" }
rst -system
after 3000
targets -set -nocase -filter {name =~ "*microblaze*#0" && bscan=="USER2" }
dow C:/Users/yunxuan5/KOF-94/lab6_1/workspace3/kof/Debug/kof.elf
----------------End of Script----------------

22:26:23 INFO  : Context for processor 'microblaze_0' is selected.
22:26:23 INFO  : 'con' command is executed.
22:26:23 INFO  : ----------------XSDB Script (After Launch)----------------
targets -set -nocase -filter {name =~ "*microblaze*#0" && bscan=="USER2" }
con
----------------End of Script----------------

22:26:23 INFO  : Disconnected from the channel tcfchan#25.
22:56:08 INFO  : Hardware specification for platform project 'mb_usb_hdmi_top' is updated.
22:56:21 INFO  : Result from executing command 'getProjects': mb_usb_hdmi_top
22:56:21 INFO  : Result from executing command 'getPlatforms': mb_usb_hdmi_top|C:/Users/yunxuan5/KOF-94/lab6_1/workspace3/mb_usb_hdmi_top/export/mb_usb_hdmi_top/mb_usb_hdmi_top.xpfm;xilinx_vck190_base_202220_1|C:/Xilinx/Vitis/2022.2/base_platforms/xilinx_vck190_base_202220_1/xilinx_vck190_base_202220_1.xpfm;xilinx_vck190_base_dfx_202220_1|C:/Xilinx/Vitis/2022.2/base_platforms/xilinx_vck190_base_dfx_202220_1/xilinx_vck190_base_dfx_202220_1.xpfm;xilinx_vmk180_base_202220_1|C:/Xilinx/Vitis/2022.2/base_platforms/xilinx_vmk180_base_202220_1/xilinx_vmk180_base_202220_1.xpfm;xilinx_zcu102_base_202220_1|C:/Xilinx/Vitis/2022.2/base_platforms/xilinx_zcu102_base_202220_1/xilinx_zcu102_base_202220_1.xpfm;xilinx_zcu102_base_dfx_202220_1|C:/Xilinx/Vitis/2022.2/base_platforms/xilinx_zcu102_base_dfx_202220_1/xilinx_zcu102_base_dfx_202220_1.xpfm;xilinx_zcu104_base_202220_1|C:/Xilinx/Vitis/2022.2/base_platforms/xilinx_zcu104_base_202220_1/xilinx_zcu104_base_202220_1.xpfm
22:56:22 INFO  : Checking for BSP changes to sync application flags for project 'kof'...
22:56:25 INFO  : The hardware specification used by project 'kof' is out of sync with the platform. Resource files extracted from the hardware specification will be updated.
22:56:25 INFO  : The file 'C:\Users\yunxuan5\KOF-94\lab6_1\workspace3\kof\_ide\bitstream\mb_usb_hdmi_top.bit' stored in project is removed.
22:56:25 INFO  : The file 'C:\Users\yunxuan5\KOF-94\lab6_1\workspace3\kof\_ide\bitstream\mb_usb_hdmi_top.mmi' stored in project is removed.
22:56:25 INFO  : The updated bitstream files are copied from platform to folder 'C:\Users\yunxuan5\KOF-94\lab6_1\workspace3\kof\_ide\bitstream' in project 'kof'.
22:56:30 INFO  : Connected to target on host '127.0.0.1' and port '3121'.
22:56:31 INFO  : Jtag cable 'RealDigital Boo 8874292302C1A' is selected.
22:56:31 INFO  : 'jtag frequency' command is executed.
22:56:31 INFO  : 'targets -set -filter {jtag_cable_name =~ "RealDigital Boo 8874292302C1A" && level==0 && jtag_device_ctx=="jsn1-0362f093-0"}' command is executed.
22:56:32 INFO  : Device configured successfully with "C:/Users/yunxuan5/KOF-94/lab6_1/workspace3/kof/_ide/bitstream/mb_usb_hdmi_top.bit"
22:56:32 INFO  : Context for processor 'microblaze_0' is selected.
22:56:32 INFO  : Hardware design and registers information is loaded from 'C:/Users/yunxuan5/KOF-94/lab6_1/workspace3/mb_usb_hdmi_top/export/mb_usb_hdmi_top/hw/mb_usb_hdmi_top.xsa'.
22:56:32 INFO  : 'configparams mdm-detect-bscan-mask 2' command is executed.
22:56:32 INFO  : Context for processor 'microblaze_0' is selected.
22:56:32 INFO  : System reset is completed.
22:56:35 INFO  : 'after 3000' command is executed.
22:56:35 INFO  : Context for processor 'microblaze_0' is selected.
22:56:35 INFO  : The application 'C:/Users/yunxuan5/KOF-94/lab6_1/workspace3/kof/Debug/kof.elf' is downloaded to processor 'microblaze_0'.
22:56:35 INFO  : ----------------XSDB Script----------------
connect -url tcp:127.0.0.1:3121
targets -set -filter {jtag_cable_name =~ "RealDigital Boo 8874292302C1A" && level==0 && jtag_device_ctx=="jsn1-0362f093-0"}
fpga -file C:/Users/yunxuan5/KOF-94/lab6_1/workspace3/kof/_ide/bitstream/mb_usb_hdmi_top.bit
targets -set -nocase -filter {name =~ "*microblaze*#0" && bscan=="USER2" }
loadhw -hw C:/Users/yunxuan5/KOF-94/lab6_1/workspace3/mb_usb_hdmi_top/export/mb_usb_hdmi_top/hw/mb_usb_hdmi_top.xsa -regs
configparams mdm-detect-bscan-mask 2
targets -set -nocase -filter {name =~ "*microblaze*#0" && bscan=="USER2" }
rst -system
after 3000
targets -set -nocase -filter {name =~ "*microblaze*#0" && bscan=="USER2" }
dow C:/Users/yunxuan5/KOF-94/lab6_1/workspace3/kof/Debug/kof.elf
----------------End of Script----------------

22:56:35 INFO  : Context for processor 'microblaze_0' is selected.
22:56:35 INFO  : 'con' command is executed.
22:56:35 INFO  : ----------------XSDB Script (After Launch)----------------
targets -set -nocase -filter {name =~ "*microblaze*#0" && bscan=="USER2" }
con
----------------End of Script----------------

22:56:35 INFO  : Disconnected from the channel tcfchan#27.
23:15:35 INFO  : Hardware specification for platform project 'mb_usb_hdmi_top' is updated.
23:15:47 INFO  : Result from executing command 'getProjects': mb_usb_hdmi_top
23:15:47 INFO  : Result from executing command 'getPlatforms': xilinx_vck190_base_202220_1|C:/Xilinx/Vitis/2022.2/base_platforms/xilinx_vck190_base_202220_1/xilinx_vck190_base_202220_1.xpfm;xilinx_vck190_base_dfx_202220_1|C:/Xilinx/Vitis/2022.2/base_platforms/xilinx_vck190_base_dfx_202220_1/xilinx_vck190_base_dfx_202220_1.xpfm;xilinx_vmk180_base_202220_1|C:/Xilinx/Vitis/2022.2/base_platforms/xilinx_vmk180_base_202220_1/xilinx_vmk180_base_202220_1.xpfm;xilinx_zcu102_base_202220_1|C:/Xilinx/Vitis/2022.2/base_platforms/xilinx_zcu102_base_202220_1/xilinx_zcu102_base_202220_1.xpfm;xilinx_zcu102_base_dfx_202220_1|C:/Xilinx/Vitis/2022.2/base_platforms/xilinx_zcu102_base_dfx_202220_1/xilinx_zcu102_base_dfx_202220_1.xpfm;xilinx_zcu104_base_202220_1|C:/Xilinx/Vitis/2022.2/base_platforms/xilinx_zcu104_base_202220_1/xilinx_zcu104_base_202220_1.xpfm
23:15:48 INFO  : Checking for BSP changes to sync application flags for project 'kof'...
23:15:51 INFO  : The hardware specification used by project 'kof' is out of sync with the platform. Resource files extracted from the hardware specification will be updated.
23:15:51 INFO  : The file 'C:\Users\yunxuan5\KOF-94\lab6_1\workspace3\kof\_ide\bitstream\mb_usb_hdmi_top.bit' stored in project is removed.
23:15:51 INFO  : The file 'C:\Users\yunxuan5\KOF-94\lab6_1\workspace3\kof\_ide\bitstream\mb_usb_hdmi_top.mmi' stored in project is removed.
23:15:51 INFO  : The updated bitstream files are copied from platform to folder 'C:\Users\yunxuan5\KOF-94\lab6_1\workspace3\kof\_ide\bitstream' in project 'kof'.
23:15:57 INFO  : Connected to target on host '127.0.0.1' and port '3121'.
23:15:57 INFO  : Jtag cable 'RealDigital Boo 8874292302C1A' is selected.
23:15:57 INFO  : 'jtag frequency' command is executed.
23:15:57 INFO  : 'targets -set -filter {jtag_cable_name =~ "RealDigital Boo 8874292302C1A" && level==0 && jtag_device_ctx=="jsn1-0362f093-0"}' command is executed.
23:15:59 INFO  : Device configured successfully with "C:/Users/yunxuan5/KOF-94/lab6_1/workspace3/kof/_ide/bitstream/mb_usb_hdmi_top.bit"
23:15:59 INFO  : Context for processor 'microblaze_0' is selected.
23:15:59 INFO  : Hardware design and registers information is loaded from 'C:/Users/yunxuan5/KOF-94/lab6_1/workspace3/mb_usb_hdmi_top/export/mb_usb_hdmi_top/hw/mb_usb_hdmi_top.xsa'.
23:15:59 INFO  : 'configparams mdm-detect-bscan-mask 2' command is executed.
23:15:59 INFO  : Context for processor 'microblaze_0' is selected.
23:15:59 INFO  : System reset is completed.
23:16:02 INFO  : 'after 3000' command is executed.
23:16:02 INFO  : Context for processor 'microblaze_0' is selected.
23:16:02 INFO  : The application 'C:/Users/yunxuan5/KOF-94/lab6_1/workspace3/kof/Debug/kof.elf' is downloaded to processor 'microblaze_0'.
23:16:02 INFO  : ----------------XSDB Script----------------
connect -url tcp:127.0.0.1:3121
targets -set -filter {jtag_cable_name =~ "RealDigital Boo 8874292302C1A" && level==0 && jtag_device_ctx=="jsn1-0362f093-0"}
fpga -file C:/Users/yunxuan5/KOF-94/lab6_1/workspace3/kof/_ide/bitstream/mb_usb_hdmi_top.bit
targets -set -nocase -filter {name =~ "*microblaze*#0" && bscan=="USER2" }
loadhw -hw C:/Users/yunxuan5/KOF-94/lab6_1/workspace3/mb_usb_hdmi_top/export/mb_usb_hdmi_top/hw/mb_usb_hdmi_top.xsa -regs
configparams mdm-detect-bscan-mask 2
targets -set -nocase -filter {name =~ "*microblaze*#0" && bscan=="USER2" }
rst -system
after 3000
targets -set -nocase -filter {name =~ "*microblaze*#0" && bscan=="USER2" }
dow C:/Users/yunxuan5/KOF-94/lab6_1/workspace3/kof/Debug/kof.elf
----------------End of Script----------------

23:16:02 INFO  : Context for processor 'microblaze_0' is selected.
23:16:02 INFO  : 'con' command is executed.
23:16:02 INFO  : ----------------XSDB Script (After Launch)----------------
targets -set -nocase -filter {name =~ "*microblaze*#0" && bscan=="USER2" }
con
----------------End of Script----------------

23:16:02 INFO  : Disconnected from the channel tcfchan#29.
23:17:21 INFO  : Hardware specification for platform project 'mb_usb_hdmi_top' is updated.
23:17:31 INFO  : Result from executing command 'removePlatformRepo': 
23:17:42 INFO  : Result from executing command 'getProjects': mb_usb_hdmi_top
23:17:42 INFO  : Result from executing command 'getPlatforms': xilinx_vck190_base_202220_1|C:/Xilinx/Vitis/2022.2/base_platforms/xilinx_vck190_base_202220_1/xilinx_vck190_base_202220_1.xpfm;xilinx_vck190_base_dfx_202220_1|C:/Xilinx/Vitis/2022.2/base_platforms/xilinx_vck190_base_dfx_202220_1/xilinx_vck190_base_dfx_202220_1.xpfm;xilinx_vmk180_base_202220_1|C:/Xilinx/Vitis/2022.2/base_platforms/xilinx_vmk180_base_202220_1/xilinx_vmk180_base_202220_1.xpfm;xilinx_zcu102_base_202220_1|C:/Xilinx/Vitis/2022.2/base_platforms/xilinx_zcu102_base_202220_1/xilinx_zcu102_base_202220_1.xpfm;xilinx_zcu102_base_dfx_202220_1|C:/Xilinx/Vitis/2022.2/base_platforms/xilinx_zcu102_base_dfx_202220_1/xilinx_zcu102_base_dfx_202220_1.xpfm;xilinx_zcu104_base_202220_1|C:/Xilinx/Vitis/2022.2/base_platforms/xilinx_zcu104_base_202220_1/xilinx_zcu104_base_202220_1.xpfm
23:17:43 INFO  : Checking for BSP changes to sync application flags for project 'kof'...
23:17:51 INFO  : Connected to target on host '127.0.0.1' and port '3121'.
23:17:52 INFO  : Jtag cable 'RealDigital Boo 8874292302C1A' is selected.
23:17:52 INFO  : 'jtag frequency' command is executed.
23:17:52 INFO  : 'targets -set -filter {jtag_cable_name =~ "RealDigital Boo 8874292302C1A" && level==0 && jtag_device_ctx=="jsn1-0362f093-0"}' command is executed.
23:17:53 INFO  : Device configured successfully with "C:/Users/yunxuan5/KOF-94/lab6_1/workspace3/kof/_ide/bitstream/mb_usb_hdmi_top.bit"
23:17:53 INFO  : Context for processor 'microblaze_0' is selected.
23:17:53 INFO  : Hardware design and registers information is loaded from 'C:/Users/yunxuan5/KOF-94/lab6_1/workspace3/mb_usb_hdmi_top/export/mb_usb_hdmi_top/hw/mb_usb_hdmi_top.xsa'.
23:17:53 INFO  : 'configparams mdm-detect-bscan-mask 2' command is executed.
23:17:53 INFO  : Context for processor 'microblaze_0' is selected.
23:17:53 INFO  : System reset is completed.
23:17:56 INFO  : 'after 3000' command is executed.
23:17:56 INFO  : Context for processor 'microblaze_0' is selected.
23:17:56 INFO  : The application 'C:/Users/yunxuan5/KOF-94/lab6_1/workspace3/kof/Debug/kof.elf' is downloaded to processor 'microblaze_0'.
23:17:56 INFO  : ----------------XSDB Script----------------
connect -url tcp:127.0.0.1:3121
targets -set -filter {jtag_cable_name =~ "RealDigital Boo 8874292302C1A" && level==0 && jtag_device_ctx=="jsn1-0362f093-0"}
fpga -file C:/Users/yunxuan5/KOF-94/lab6_1/workspace3/kof/_ide/bitstream/mb_usb_hdmi_top.bit
targets -set -nocase -filter {name =~ "*microblaze*#0" && bscan=="USER2" }
loadhw -hw C:/Users/yunxuan5/KOF-94/lab6_1/workspace3/mb_usb_hdmi_top/export/mb_usb_hdmi_top/hw/mb_usb_hdmi_top.xsa -regs
configparams mdm-detect-bscan-mask 2
targets -set -nocase -filter {name =~ "*microblaze*#0" && bscan=="USER2" }
rst -system
after 3000
targets -set -nocase -filter {name =~ "*microblaze*#0" && bscan=="USER2" }
dow C:/Users/yunxuan5/KOF-94/lab6_1/workspace3/kof/Debug/kof.elf
----------------End of Script----------------

23:17:56 INFO  : Context for processor 'microblaze_0' is selected.
23:17:56 INFO  : 'con' command is executed.
23:17:56 INFO  : ----------------XSDB Script (After Launch)----------------
targets -set -nocase -filter {name =~ "*microblaze*#0" && bscan=="USER2" }
con
----------------End of Script----------------

23:17:56 INFO  : Disconnected from the channel tcfchan#32.
23:28:43 INFO  : Hardware specification for platform project 'mb_usb_hdmi_top' is updated.
23:28:55 INFO  : Result from executing command 'getProjects': mb_usb_hdmi_top
23:28:56 INFO  : Result from executing command 'getPlatforms': xilinx_vck190_base_202220_1|C:/Xilinx/Vitis/2022.2/base_platforms/xilinx_vck190_base_202220_1/xilinx_vck190_base_202220_1.xpfm;xilinx_vck190_base_dfx_202220_1|C:/Xilinx/Vitis/2022.2/base_platforms/xilinx_vck190_base_dfx_202220_1/xilinx_vck190_base_dfx_202220_1.xpfm;xilinx_vmk180_base_202220_1|C:/Xilinx/Vitis/2022.2/base_platforms/xilinx_vmk180_base_202220_1/xilinx_vmk180_base_202220_1.xpfm;xilinx_zcu102_base_202220_1|C:/Xilinx/Vitis/2022.2/base_platforms/xilinx_zcu102_base_202220_1/xilinx_zcu102_base_202220_1.xpfm;xilinx_zcu102_base_dfx_202220_1|C:/Xilinx/Vitis/2022.2/base_platforms/xilinx_zcu102_base_dfx_202220_1/xilinx_zcu102_base_dfx_202220_1.xpfm;xilinx_zcu104_base_202220_1|C:/Xilinx/Vitis/2022.2/base_platforms/xilinx_zcu104_base_202220_1/xilinx_zcu104_base_202220_1.xpfm
23:28:57 INFO  : Checking for BSP changes to sync application flags for project 'kof'...
23:28:59 INFO  : The hardware specification used by project 'kof' is out of sync with the platform. Resource files extracted from the hardware specification will be updated.
23:28:59 INFO  : The file 'C:\Users\yunxuan5\KOF-94\lab6_1\workspace3\kof\_ide\bitstream\mb_usb_hdmi_top.bit' stored in project is removed.
23:28:59 INFO  : The file 'C:\Users\yunxuan5\KOF-94\lab6_1\workspace3\kof\_ide\bitstream\mb_usb_hdmi_top.mmi' stored in project is removed.
23:28:59 INFO  : The updated bitstream files are copied from platform to folder 'C:\Users\yunxuan5\KOF-94\lab6_1\workspace3\kof\_ide\bitstream' in project 'kof'.
23:29:05 INFO  : Connected to target on host '127.0.0.1' and port '3121'.
23:29:05 INFO  : Jtag cable 'RealDigital Boo 8874292302C1A' is selected.
23:29:05 INFO  : 'jtag frequency' command is executed.
23:29:05 INFO  : 'targets -set -filter {jtag_cable_name =~ "RealDigital Boo 8874292302C1A" && level==0 && jtag_device_ctx=="jsn1-0362f093-0"}' command is executed.
23:29:06 INFO  : Device configured successfully with "C:/Users/yunxuan5/KOF-94/lab6_1/workspace3/kof/_ide/bitstream/mb_usb_hdmi_top.bit"
23:29:06 INFO  : Context for processor 'microblaze_0' is selected.
23:29:06 INFO  : Hardware design and registers information is loaded from 'C:/Users/yunxuan5/KOF-94/lab6_1/workspace3/mb_usb_hdmi_top/export/mb_usb_hdmi_top/hw/mb_usb_hdmi_top.xsa'.
23:29:06 INFO  : 'configparams mdm-detect-bscan-mask 2' command is executed.
23:29:06 INFO  : Context for processor 'microblaze_0' is selected.
23:29:06 INFO  : System reset is completed.
23:29:09 INFO  : 'after 3000' command is executed.
23:29:09 INFO  : Context for processor 'microblaze_0' is selected.
23:29:09 INFO  : The application 'C:/Users/yunxuan5/KOF-94/lab6_1/workspace3/kof/Debug/kof.elf' is downloaded to processor 'microblaze_0'.
23:29:09 INFO  : ----------------XSDB Script----------------
connect -url tcp:127.0.0.1:3121
targets -set -filter {jtag_cable_name =~ "RealDigital Boo 8874292302C1A" && level==0 && jtag_device_ctx=="jsn1-0362f093-0"}
fpga -file C:/Users/yunxuan5/KOF-94/lab6_1/workspace3/kof/_ide/bitstream/mb_usb_hdmi_top.bit
targets -set -nocase -filter {name =~ "*microblaze*#0" && bscan=="USER2" }
loadhw -hw C:/Users/yunxuan5/KOF-94/lab6_1/workspace3/mb_usb_hdmi_top/export/mb_usb_hdmi_top/hw/mb_usb_hdmi_top.xsa -regs
configparams mdm-detect-bscan-mask 2
targets -set -nocase -filter {name =~ "*microblaze*#0" && bscan=="USER2" }
rst -system
after 3000
targets -set -nocase -filter {name =~ "*microblaze*#0" && bscan=="USER2" }
dow C:/Users/yunxuan5/KOF-94/lab6_1/workspace3/kof/Debug/kof.elf
----------------End of Script----------------

23:29:09 INFO  : Context for processor 'microblaze_0' is selected.
23:29:09 INFO  : 'con' command is executed.
23:29:09 INFO  : ----------------XSDB Script (After Launch)----------------
targets -set -nocase -filter {name =~ "*microblaze*#0" && bscan=="USER2" }
con
----------------End of Script----------------

23:29:09 INFO  : Disconnected from the channel tcfchan#34.
23:47:14 INFO  : Hardware specification for platform project 'mb_usb_hdmi_top' is updated.
23:47:25 INFO  : Result from executing command 'getProjects': mb_usb_hdmi_top
23:47:25 INFO  : Result from executing command 'getPlatforms': xilinx_vck190_base_202220_1|C:/Xilinx/Vitis/2022.2/base_platforms/xilinx_vck190_base_202220_1/xilinx_vck190_base_202220_1.xpfm;xilinx_vck190_base_dfx_202220_1|C:/Xilinx/Vitis/2022.2/base_platforms/xilinx_vck190_base_dfx_202220_1/xilinx_vck190_base_dfx_202220_1.xpfm;xilinx_vmk180_base_202220_1|C:/Xilinx/Vitis/2022.2/base_platforms/xilinx_vmk180_base_202220_1/xilinx_vmk180_base_202220_1.xpfm;xilinx_zcu102_base_202220_1|C:/Xilinx/Vitis/2022.2/base_platforms/xilinx_zcu102_base_202220_1/xilinx_zcu102_base_202220_1.xpfm;xilinx_zcu102_base_dfx_202220_1|C:/Xilinx/Vitis/2022.2/base_platforms/xilinx_zcu102_base_dfx_202220_1/xilinx_zcu102_base_dfx_202220_1.xpfm;xilinx_zcu104_base_202220_1|C:/Xilinx/Vitis/2022.2/base_platforms/xilinx_zcu104_base_202220_1/xilinx_zcu104_base_202220_1.xpfm
23:47:26 INFO  : Checking for BSP changes to sync application flags for project 'kof'...
23:47:29 INFO  : The hardware specification used by project 'kof' is out of sync with the platform. Resource files extracted from the hardware specification will be updated.
23:47:29 INFO  : The file 'C:\Users\yunxuan5\KOF-94\lab6_1\workspace3\kof\_ide\bitstream\mb_usb_hdmi_top.bit' stored in project is removed.
23:47:29 INFO  : The file 'C:\Users\yunxuan5\KOF-94\lab6_1\workspace3\kof\_ide\bitstream\mb_usb_hdmi_top.mmi' stored in project is removed.
23:47:29 INFO  : The updated bitstream files are copied from platform to folder 'C:\Users\yunxuan5\KOF-94\lab6_1\workspace3\kof\_ide\bitstream' in project 'kof'.
23:47:32 INFO  : Connected to target on host '127.0.0.1' and port '3121'.
23:47:32 INFO  : Jtag cable 'RealDigital Boo 8874292302C1A' is selected.
23:47:32 INFO  : 'jtag frequency' command is executed.
23:47:32 INFO  : 'targets -set -filter {jtag_cable_name =~ "RealDigital Boo 8874292302C1A" && level==0 && jtag_device_ctx=="jsn1-0362f093-0"}' command is executed.
23:47:34 INFO  : Device configured successfully with "C:/Users/yunxuan5/KOF-94/lab6_1/workspace3/kof/_ide/bitstream/mb_usb_hdmi_top.bit"
23:47:34 INFO  : Context for processor 'microblaze_0' is selected.
23:47:34 INFO  : Hardware design and registers information is loaded from 'C:/Users/yunxuan5/KOF-94/lab6_1/workspace3/mb_usb_hdmi_top/export/mb_usb_hdmi_top/hw/mb_usb_hdmi_top.xsa'.
23:47:34 INFO  : 'configparams mdm-detect-bscan-mask 2' command is executed.
23:47:34 INFO  : Context for processor 'microblaze_0' is selected.
23:47:34 INFO  : System reset is completed.
23:47:37 INFO  : 'after 3000' command is executed.
23:47:37 INFO  : Context for processor 'microblaze_0' is selected.
23:47:37 INFO  : The application 'C:/Users/yunxuan5/KOF-94/lab6_1/workspace3/kof/Debug/kof.elf' is downloaded to processor 'microblaze_0'.
23:47:37 INFO  : ----------------XSDB Script----------------
connect -url tcp:127.0.0.1:3121
targets -set -filter {jtag_cable_name =~ "RealDigital Boo 8874292302C1A" && level==0 && jtag_device_ctx=="jsn1-0362f093-0"}
fpga -file C:/Users/yunxuan5/KOF-94/lab6_1/workspace3/kof/_ide/bitstream/mb_usb_hdmi_top.bit
targets -set -nocase -filter {name =~ "*microblaze*#0" && bscan=="USER2" }
loadhw -hw C:/Users/yunxuan5/KOF-94/lab6_1/workspace3/mb_usb_hdmi_top/export/mb_usb_hdmi_top/hw/mb_usb_hdmi_top.xsa -regs
configparams mdm-detect-bscan-mask 2
targets -set -nocase -filter {name =~ "*microblaze*#0" && bscan=="USER2" }
rst -system
after 3000
targets -set -nocase -filter {name =~ "*microblaze*#0" && bscan=="USER2" }
dow C:/Users/yunxuan5/KOF-94/lab6_1/workspace3/kof/Debug/kof.elf
----------------End of Script----------------

23:47:37 INFO  : Context for processor 'microblaze_0' is selected.
23:47:37 INFO  : 'con' command is executed.
23:47:37 INFO  : ----------------XSDB Script (After Launch)----------------
targets -set -nocase -filter {name =~ "*microblaze*#0" && bscan=="USER2" }
con
----------------End of Script----------------

23:47:37 INFO  : Disconnected from the channel tcfchan#36.
