Copyright 1986-2022 Xilinx, Inc. All Rights Reserved.
-------------------------------------------------------------------------------------------------------------------------------------------------------------------
| Tool Version     : Vivado v.2022.2 (win64) Build 3671981 Fri Oct 14 05:00:03 MDT 2022
| Date             : Mon Nov 20 19:55:21 2023
| Host             : ECEB-3070-02 running 64-bit major release  (build 9200)
| Command          : report_power -file mb_usb_hdmi_top_power_routed.rpt -pb mb_usb_hdmi_top_power_summary_routed.pb -rpx mb_usb_hdmi_top_power_routed.rpx
| Design           : mb_usb_hdmi_top
| Device           : xc7s50csga324-1
| Design State     : routed
| Grade            : commercial
| Process          : typical
| Characterization : Production
-------------------------------------------------------------------------------------------------------------------------------------------------------------------

Power Report

Table of Contents
-----------------
1. Summary
1.1 On-Chip Components
1.2 Power Supply Summary
1.3 Confidence Level
2. Settings
2.1 Environment
2.2 Clock Constraints
3. Detailed Reports
3.1 By Hierarchy

1. Summary
----------

+--------------------------+--------------+
| Total On-Chip Power (W)  | 0.467        |
| Design Power Budget (W)  | Unspecified* |
| Power Budget Margin (W)  | NA           |
| Dynamic (W)              | 0.390        |
| Device Static (W)        | 0.077        |
| Effective TJA (C/W)      | 4.9          |
| Max Ambient (C)          | 82.7         |
| Junction Temperature (C) | 27.3         |
| Confidence Level         | Low          |
| Setting File             | ---          |
| Simulation Activity File | ---          |
| Design Nets Matched      | NA           |
+--------------------------+--------------+
* Specify Design Power Budget using, set_operating_conditions -design_power_budget <value in Watts>


1.1 On-Chip Components
----------------------

+--------------------------+-----------+----------+-----------+-----------------+
| On-Chip                  | Power (W) | Used     | Available | Utilization (%) |
+--------------------------+-----------+----------+-----------+-----------------+
| Clocks                   |     0.015 |       12 |       --- |             --- |
| Slice Logic              |     0.006 |     7717 |       --- |             --- |
|   LUT as Logic           |     0.005 |     2804 |     32600 |            8.60 |
|   LUT as Distributed RAM |    <0.001 |      108 |      9600 |            1.13 |
|   Register               |    <0.001 |     2944 |     65200 |            4.52 |
|   CARRY4                 |    <0.001 |      154 |      8150 |            1.89 |
|   F7/F8 Muxes            |    <0.001 |      114 |     32600 |            0.35 |
|   LUT as Shift Register  |    <0.001 |       90 |      9600 |            0.94 |
|   BUFG                   |    <0.001 |        1 |        32 |            3.13 |
|   Others                 |     0.000 |      709 |       --- |             --- |
| Signals                  |     0.008 |     5330 |       --- |             --- |
| Block RAM                |     0.008 |       46 |        75 |           61.33 |
| MMCM                     |     0.212 |        2 |         5 |           40.00 |
| DSPs                     |    <0.001 |        3 |       120 |            2.50 |
| I/O                      |     0.139 |       42 |       210 |           20.00 |
| Static Power             |     0.077 |          |           |                 |
| Total                    |     0.467 |          |           |                 |
+--------------------------+-----------+----------+-----------+-----------------+


1.2 Power Supply Summary
------------------------

+-----------+-------------+-----------+-------------+------------+-------------+-------------+------------+
| Source    | Voltage (V) | Total (A) | Dynamic (A) | Static (A) | Powerup (A) | Budget (A)  | Margin (A) |
+-----------+-------------+-----------+-------------+------------+-------------+-------------+------------+
| Vccint    |       1.000 |     0.051 |       0.039 |      0.011 |       NA    | Unspecified | NA         |
| Vccaux    |       1.800 |     0.130 |       0.118 |      0.013 |       NA    | Unspecified | NA         |
| Vcco33    |       3.300 |     0.041 |       0.040 |      0.001 |       NA    | Unspecified | NA         |
| Vcco25    |       2.500 |     0.003 |       0.002 |      0.001 |       NA    | Unspecified | NA         |
| Vcco18    |       1.800 |     0.000 |       0.000 |      0.000 |       NA    | Unspecified | NA         |
| Vcco15    |       1.500 |     0.000 |       0.000 |      0.000 |       NA    | Unspecified | NA         |
| Vcco135   |       1.350 |     0.000 |       0.000 |      0.000 |       NA    | Unspecified | NA         |
| Vcco12    |       1.200 |     0.000 |       0.000 |      0.000 |       NA    | Unspecified | NA         |
| Vccaux_io |       1.800 |     0.000 |       0.000 |      0.000 |       NA    | Unspecified | NA         |
| Vccbram   |       1.000 |     0.002 |       0.001 |      0.001 |       NA    | Unspecified | NA         |
| Vccadc    |       1.800 |     0.020 |       0.000 |      0.020 |       NA    | Unspecified | NA         |
+-----------+-------------+-----------+-------------+------------+-------------+-------------+------------+


1.3 Confidence Level
--------------------

+-----------------------------+------------+--------------------------------------------------------+------------------------------------------------------------------------------------------------------------+
| User Input Data             | Confidence | Details                                                | Action                                                                                                     |
+-----------------------------+------------+--------------------------------------------------------+------------------------------------------------------------------------------------------------------------+
| Design implementation state | High       | Design is routed                                       |                                                                                                            |
| Clock nodes activity        | High       | User specified more than 95% of clocks                 |                                                                                                            |
| I/O nodes activity          | Low        | More than 75% of inputs are missing user specification | Provide missing input activity with simulation results or by editing the "By Resource Type -> I/Os" view   |
| Internal nodes activity     | Medium     | User specified less than 25% of internal nodes         | Provide missing internal nodes activity with simulation results or by editing the "By Resource Type" views |
| Device models               | High       | Device models are Production                           |                                                                                                            |
|                             |            |                                                        |                                                                                                            |
| Overall confidence level    | Low        |                                                        |                                                                                                            |
+-----------------------------+------------+--------------------------------------------------------+------------------------------------------------------------------------------------------------------------+


2. Settings
-----------

2.1 Environment
---------------

+-----------------------+--------------------------+
| Ambient Temp (C)      | 25.0                     |
| ThetaJA (C/W)         | 4.9                      |
| Airflow (LFM)         | 250                      |
| Heat Sink             | medium (Medium Profile)  |
| ThetaSA (C/W)         | 4.6                      |
| Board Selection       | medium (10"x10")         |
| # of Board Layers     | 12to15 (12 to 15 Layers) |
| Board Temperature (C) | 25.0                     |
+-----------------------+--------------------------+


2.2 Clock Constraints
---------------------

+------------------------------------------------------------+---------------------------------------------------------+-----------------+
| Clock                                                      | Domain                                                  | Constraint (ns) |
+------------------------------------------------------------+---------------------------------------------------------+-----------------+
| clk_100                                                    | Clk                                                     |            10.0 |
| clk_100                                                    | Clk_IBUF_BUFG                                           |            10.0 |
| clk_out1_clk_wiz_0                                         | clk_wiz/inst/clk_out1_clk_wiz_0                         |            40.0 |
| clk_out1_mb_block_clk_wiz_1_0                              | mb_block_i/clk_wiz_1/inst/clk_out1_mb_block_clk_wiz_1_0 |            10.0 |
| clk_out2_clk_wiz_0                                         | clk_wiz/inst/clk_out2_clk_wiz_0                         |             8.0 |
| clkfbout_clk_wiz_0                                         | clk_wiz/inst/clkfbout_clk_wiz_0                         |            10.0 |
| clkfbout_mb_block_clk_wiz_1_0                              | mb_block_i/clk_wiz_1/inst/clkfbout_mb_block_clk_wiz_1_0 |            10.0 |
| mb_block_i/mdm_1/U0/Use_E2.BSCAN_I/Use_E2.BSCANE2_I/DRCK   | mb_block_i/mdm_1/U0/Use_E2.BSCAN_I/DRCK                 |            33.3 |
| mb_block_i/mdm_1/U0/Use_E2.BSCAN_I/Use_E2.BSCANE2_I/UPDATE | mb_block_i/mdm_1/U0/Use_E2.BSCAN_I/Dbg_Update_0         |            33.3 |
+------------------------------------------------------------+---------------------------------------------------------+-----------------+


3. Detailed Reports
-------------------

3.1 By Hierarchy
----------------

+-------------------------------+-----------+
| Name                          | Power (W) |
+-------------------------------+-----------+
| mb_usb_hdmi_top               |     0.390 |
|   clk_wiz                     |     0.106 |
|     inst                      |     0.106 |
|   color_instance              |     0.010 |
|     scene                     |     0.002 |
|       scene_rom               |     0.002 |
|     st                        |     0.002 |
|       mai_stand_rom           |     0.002 |
|     st1                       |     0.002 |
|       mai_forward_rom         |     0.002 |
|     st2                       |     0.002 |
|       mai_back_rom            |     0.002 |
|   mb_block_i                  |     0.131 |
|     clk_wiz_1                 |     0.106 |
|       inst                    |     0.106 |
|     gpio_usb_keycode          |     0.001 |
|       U0                      |     0.001 |
|     microblaze_0              |     0.012 |
|       U0                      |     0.012 |
|     microblaze_0_axi_intc     |     0.002 |
|       U0                      |     0.002 |
|     microblaze_0_axi_periph   |     0.001 |
|       xbar                    |     0.001 |
|     microblaze_0_local_memory |     0.001 |
|       lmb_bram                |     0.001 |
|     spi_usb                   |     0.004 |
|       U0                      |     0.004 |
|     timer_usb_axi             |     0.002 |
|       U0                      |     0.002 |
|   vga_to_hdmi                 |     0.133 |
|     inst                      |     0.133 |
+-------------------------------+-----------+


